<?xml version="1.0" encoding="UTF-8"?><testsuite errors="0" failures="0" name="com.videogame.videogameinfo.VideoGameCRUDTestWithSteps" skipped="0" tests="4" time="9.01" timestamp="2021-07-21T14:24:23.065+01:00[Europe/London]"><testcase classname="com.videogame.videogameinfo.VideoGameCRUDTestWithSteps" name="This will create new videogame"/><testcase classname="com.videogame.videogameinfo.VideoGameCRUDTestWithSteps" name="This will get single videogame information"/><testcase classname="com.videogame.videogameinfo.VideoGameCRUDTestWithSteps" name="This will update Single videogame"/><testcase classname="com.videogame.videogameinfo.VideoGameCRUDTestWithSteps" name="This will delete videogame by id"/></testsuite>